<?xml version="1.0" encoding="UTF-8"?>
<!-- Generated by org.testng.reporters.JUnitReportReporter -->
<testsuite hostname="LAPTOP-JIQGLKI4" failures="0" tests="4" name="com.AsianCloudUserMgmt.AsianCloudUser.TestRegisterAndLogin" time="147.672" errors="0" timestamp="28 Sep 2022 12:42:30 GMT">
  <testcase classname="com.AsianCloudUserMgmt.AsianCloudUser.TestRegisterAndLogin" name="test_Verify_Register_Existing_User" time="36.827"/>
  <testcase classname="com.AsianCloudUserMgmt.AsianCloudUser.TestRegisterAndLogin" name="test_Verify_Register_New_User" time="33.214"/>
  <testcase classname="com.AsianCloudUserMgmt.AsianCloudUser.TestRegisterAndLogin" name="test_Verify_Login_Valid_Credentials" time="36.008"/>
  <testcase classname="com.AsianCloudUserMgmt.AsianCloudUser.TestRegisterAndLogin" name="test_Verify_Login_Invalid_Credentials" time="41.623"/>
</testsuite> <!-- com.AsianCloudUserMgmt.AsianCloudUser.TestRegisterAndLogin -->
